#
# A fatal error has been detected by the Java Runtime Environment:
#
#  Internal Error (javaCalls.cpp:51), pid=8824, tid=0x0000000000003a74
#  guarantee(thread->is_Java_thread()) failed: crucial check - the VM thread cannot and must not escape to Java code
#
# JRE version: Java(TM) SE Runtime Environment (8.0_261-b12) (build 1.8.0_261-b12)
# Java VM: Java HotSpot(TM) 64-Bit Server VM (25.261-b12 mixed mode windows-amd64 compressed oops)
# Failed to write core dump. Minidumps are not enabled by default on client versions of Windows
#
# If you would like to submit a bug report, please visit:
#   http://bugreport.java.com/bugreport/crash.jsp
#

---------------  T H R E A D  ---------------

Current thread (0x000001d8bdb02800):  VMThread [stack: 0x00000093d4a00000,0x00000093d4b00000] [id=14964]

Stack: [0x00000093d4a00000,0x00000093d4b00000]
Native frames: (J=compiled Java code, j=interpreted, Vv=VM code, C=native code)
V  [jvm.dll+0x33e5f9]
V  [jvm.dll+0x2850e2]
V  [jvm.dll+0x285d8d]
V  [jvm.dll+0x27c817]
V  [jvm.dll+0x21aedd]
V  [jvm.dll+0x21b527]
V  [jvm.dll+0x33e512]
V  [jvm.dll+0x21bb51]
V  [jvm.dll+0x27d995]
V  [jvm.dll+0x27dbdd]
V  [jvm.dll+0x27dd29]
V  [jvm.dll+0x11aa58]
V  [jvm.dll+0x119b91]
V  [jvm.dll+0x118f17]
V  [jvm.dll+0x11635a]
V  [jvm.dll+0x1154ea]
V  [jvm.dll+0xdccbb]
V  [jvm.dll+0xdd753]
V  [jvm.dll+0x1222f4]
V  [jvm.dll+0x145520]
V  [jvm.dll+0x1c9491]
V  [jvm.dll+0x255637]
V  [jvm.dll+0x253da5]
V  [jvm.dll+0x25451c]
V  [jvm.dll+0x25482c]
V  [jvm.dll+0x2a1cfc]
C  [ucrtbase.dll+0x21bb2]
C  [KERNEL32.DLL+0x174b4]
C  [ntdll.dll+0x526a1]

VM_Operation (0x00000093d4fff4a0): GetOrSetLocal, mode: safepoint, requested by thread 0x000001d8bdb83000


---------------  P R O C E S S  ---------------

Java Threads: ( => current thread )
  0x000001d8bf55f800 JavaThread "Service Thread" daemon [_thread_blocked, id=14772, stack(0x00000093d5600000,0x00000093d5700000)]
  0x000001d8bf4dc000 JavaThread "C1 CompilerThread3" daemon [_thread_blocked, id=724, stack(0x00000093d5500000,0x00000093d5600000)]
  0x000001d8bf4db000 JavaThread "C2 CompilerThread2" daemon [_thread_blocked, id=12524, stack(0x00000093d5400000,0x00000093d5500000)]
  0x000001d8bf4d9800 JavaThread "C2 CompilerThread1" daemon [_thread_blocked, id=11696, stack(0x00000093d5300000,0x00000093d5400000)]
  0x000001d8bf4d4000 JavaThread "C2 CompilerThread0" daemon [_thread_blocked, id=18312, stack(0x00000093d5200000,0x00000093d5300000)]
  0x000001d8bdb89000 JavaThread "JDWP Command Reader" daemon [_thread_in_native, id=9968, stack(0x00000093d5100000,0x00000093d5200000)]
  0x000001d8bdb84000 JavaThread "JDWP Event Helper Thread" daemon [_thread_blocked, id=19004, stack(0x00000093d5000000,0x00000093d5100000)]
  0x000001d8bdb83000 JavaThread "JDWP Transport Listener: dt_socket" daemon [_thread_blocked, id=17304, stack(0x00000093d4f00000,0x00000093d5000000)]
  0x000001d8bdb5d000 JavaThread "Attach Listener" daemon [_thread_blocked, id=14800, stack(0x00000093d4e00000,0x00000093d4f00000)]
  0x000001d8bdb62800 JavaThread "Signal Dispatcher" daemon [_thread_blocked, id=4580, stack(0x00000093d4d00000,0x00000093d4e00000)]
  0x000001d8bdb3a000 JavaThread "Finalizer" daemon [_thread_blocked, id=16468, stack(0x00000093d4c00000,0x00000093d4d00000)]
  0x000001d8bdb0a000 JavaThread "Reference Handler" daemon [_thread_blocked, id=19008, stack(0x00000093d4b00000,0x00000093d4c00000)]
  0x000001d8a7027000 JavaThread "main" [_thread_blocked, id=18072, stack(0x00000093d4100000,0x00000093d4200000)]

Other Threads:
=>0x000001d8bdb02800 VMThread [stack: 0x00000093d4a00000,0x00000093d4b00000] [id=14964]
  0x000001d8bf5e3800 WatcherThread [stack: 0x00000093d5700000,0x00000093d5800000] [id=17252]

VM state:at safepoint (normal execution)

VM Mutex/Monitor currently owned by a thread:  ([mutex/lock_event])
[0x000001d8a70245d0] Threads_lock - owner thread: 0x000001d8bdb02800

heap address: 0x0000000082000000, size: 2016 MB, Compressed Oops mode: 32-bit
Narrow klass base: 0x0000000000000000, Narrow klass shift: 3
Compressed class space size: 1073741824 Address: 0x0000000100000000

Heap:
 PSYoungGen      total 37888K, used 5958K [0x00000000d6000000, 0x00000000d8a00000, 0x0000000100000000)
  eden space 32768K, 18% used [0x00000000d6000000,0x00000000d65d19f0,0x00000000d8000000)
  from space 5120K, 0% used [0x00000000d8500000,0x00000000d8500000,0x00000000d8a00000)
  to   space 5120K, 0% used [0x00000000d8000000,0x00000000d8000000,0x00000000d8500000)
 ParOldGen       total 86016K, used 0K [0x0000000082000000, 0x0000000087400000, 0x00000000d6000000)
  object space 86016K, 0% used [0x0000000082000000,0x0000000082000000,0x0000000087400000)
 Metaspace       used 4808K, capacity 4930K, committed 5248K, reserved 1056768K
  class space    used 519K, capacity 561K, committed 640K, reserved 1048576K

Card table byte_map: [0x000001d8b7c80000,0x000001d8b8080000] byte_map_base: 0x000001d8b7870000

Marking Bits: (ParMarkBitMap*) 0x000000006f954fb0
 Begin Bits: [0x000001d8b8320000, 0x000001d8ba2a0000)
 End Bits:   [0x000001d8ba2a0000, 0x000001d8bc220000)

Polling page: 0x000001d8a8890000

CodeCache: size=245760Kb used=1354Kb max_used=1366Kb free=244405Kb
 bounds [0x000001d8a88c0000, 0x000001d8a8b30000, 0x000001d8b78c0000]
 total_blobs=399 nmethods=115 adapters=205
 compilation: enabled

Compilation events (10 events):
Event: 0.303 Thread 0x000001d8bf4dc000 nmethod 114 0x000001d8a8a0e790 code [0x000001d8a8a0eac0, 0x000001d8a8a10360]
Event: 0.303 Thread 0x000001d8bf4dc000  113       3       java.lang.StringBuilder::<init> (7 bytes)
Event: 0.303 Thread 0x000001d8bf4dc000 nmethod 113 0x000001d8a8a112d0 code [0x000001d8a8a11440, 0x000001d8a8a116f8]
Event: 0.303 Thread 0x000001d8bf4dc000  110       1       java.util.zip.ZipFile::access$000 (5 bytes)
Event: 0.304 Thread 0x000001d8bf4dc000 nmethod 110 0x000001d8a8a11810 code [0x000001d8a8a11960, 0x000001d8a8a11a58]
Event: 0.304 Thread 0x000001d8bf4dc000  112       1       java.net.URL::getPort (5 bytes)
Event: 0.304 Thread 0x000001d8bf4dc000 nmethod 112 0x000001d8a8a11ad0 code [0x000001d8a8a11c20, 0x000001d8a8a11d38]
Event: 0.311 Thread 0x000001d8bf4d9800 nmethod 104 0x000001d8a8a151d0 code [0x000001d8a8a15340, 0x000001d8a8a15b48]
Event: 451.958 Thread 0x000001d8bf4dc000  115       3       org.eclipse.jdt.launching.internal.org.objectweb.asm.ClassReader::readUnsignedShort (26 bytes)
Event: 451.959 Thread 0x000001d8bf4dc000 nmethod 115 0x000001d8a8a14dd0 code [0x000001d8a8a14f20, 0x000001d8a8a150d8]

GC Heap History (0 events):
No events

Deoptimization events (0 events):
No events

Classes redefined (3 events):
Event: 347.989 Thread 0x000001d8bdb02800 redefined class name=Joseph_practice.Abc, count=1
Event: 451.959 Thread 0x000001d8bdb02800 redefined class name=Joseph_practice.Abc, count=2
Event: 465.442 Thread 0x000001d8bdb02800 redefined class name=Joseph_practice.Abc, count=3

Internal exceptions (2 events):
Event: 0.030 Thread 0x000001d8a7027000 Exception <a 'java/lang/NoSuchMethodError': Method sun.misc.Unsafe.defineClass(Ljava/lang/String;[BII)Ljava/lang/Class; name or signature does not match> (0x00000000d6007cc0) thrown at [C:\jenkins\workspace\8-2-build-windows-amd64-cygwin\jdk8u261\295\hots
Event: 0.030 Thread 0x000001d8a7027000 Exception <a 'java/lang/NoSuchMethodError': Method sun.misc.Unsafe.prefetchRead(Ljava/lang/Object;J)V name or signature does not match> (0x00000000d6007fa8) thrown at [C:\jenkins\workspace\8-2-build-windows-amd64-cygwin\jdk8u261\295\hotspot\src\share\vm\p

Events (10 events):
Event: 465.442 Executing VM operation: RedefineClasses done
Event: 465.447 Executing VM operation: ChangeBreakpoints
Event: 465.447 Executing VM operation: ChangeBreakpoints done
Event: 465.447 Executing VM operation: ChangeBreakpoints
Event: 465.447 Executing VM operation: ChangeBreakpoints done
Event: 465.509 Executing VM operation: GetOwnedMonitorInfo
Event: 465.509 Executing VM operation: GetOwnedMonitorInfo done
Event: 465.510 Executing VM operation: GetCurrentContendedMonitor
Event: 465.510 Executing VM operation: GetCurrentContendedMonitor done
Event: 512.483 Executing VM operation: GetOrSetLocal


Dynamic libraries:
0x00007ff617b80000 - 0x00007ff617bc7000 	C:\Program Files\Java\jre1.8.0_261\bin\javaw.exe
0x00007ffb89070000 - 0x00007ffb89268000 	C:\WINDOWS\SYSTEM32\ntdll.dll
0x00007ffb88860000 - 0x00007ffb8891f000 	C:\WINDOWS\System32\KERNEL32.DLL
0x00007ffb86ad0000 - 0x00007ffb86da2000 	C:\WINDOWS\System32\KERNELBASE.dll
0x00007ffb87950000 - 0x00007ffb879fe000 	C:\WINDOWS\System32\ADVAPI32.dll
0x00007ffb87550000 - 0x00007ffb875ee000 	C:\WINDOWS\System32\msvcrt.dll
0x00007ffb87f30000 - 0x00007ffb87fcc000 	C:\WINDOWS\System32\sechost.dll
0x00007ffb87fe0000 - 0x00007ffb88105000 	C:\WINDOWS\System32\RPCRT4.dll
0x00007ffb872d0000 - 0x00007ffb8746d000 	C:\WINDOWS\System32\USER32.dll
0x00007ffb87090000 - 0x00007ffb870b2000 	C:\WINDOWS\System32\win32u.dll
0x00007ffb87a80000 - 0x00007ffb87aab000 	C:\WINDOWS\System32\GDI32.dll
0x00007ffb86990000 - 0x00007ffb86a9f000 	C:\WINDOWS\System32\gdi32full.dll
0x00007ffb86ef0000 - 0x00007ffb86f8d000 	C:\WINDOWS\System32\msvcp_win.dll
0x00007ffb86f90000 - 0x00007ffb87090000 	C:\WINDOWS\System32\ucrtbase.dll
0x00007ffb75040000 - 0x00007ffb752da000 	C:\WINDOWS\WinSxS\amd64_microsoft.windows.common-controls_6595b64144ccf1df_6.0.19041.1110_none_60b5254171f9507e\COMCTL32.dll
0x00007ffb87140000 - 0x00007ffb87172000 	C:\WINDOWS\System32\IMM32.DLL
0x00007ffb6a340000 - 0x00007ffb6a355000 	C:\Program Files\Java\jre1.8.0_261\bin\vcruntime140.dll
0x00007ffb4bfe0000 - 0x00007ffb4c07b000 	C:\Program Files\Java\jre1.8.0_261\bin\msvcp140.dll
0x000000006f160000 - 0x000000006f9cc000 	C:\Program Files\Java\jre1.8.0_261\bin\server\jvm.dll
0x00007ffb87fd0000 - 0x00007ffb87fd8000 	C:\WINDOWS\System32\PSAPI.DLL
0x00007ffb748d0000 - 0x00007ffb748f7000 	C:\WINDOWS\SYSTEM32\WINMM.dll
0x00007ffb71600000 - 0x00007ffb71609000 	C:\WINDOWS\SYSTEM32\WSOCK32.dll
0x00007ffb7de50000 - 0x00007ffb7de5a000 	C:\WINDOWS\SYSTEM32\VERSION.dll
0x00007ffb87a10000 - 0x00007ffb87a7b000 	C:\WINDOWS\System32\WS2_32.dll
0x00007ffb85300000 - 0x00007ffb85312000 	C:\WINDOWS\SYSTEM32\kernel.appcore.dll
0x00007ffb80ca0000 - 0x00007ffb80cb0000 	C:\Program Files\Java\jre1.8.0_261\bin\verify.dll
0x00007ffb66660000 - 0x00007ffb6668b000 	C:\Program Files\Java\jre1.8.0_261\bin\java.dll
0x00007ffb5e3f0000 - 0x00007ffb5e426000 	C:\Program Files\Java\jre1.8.0_261\bin\jdwp.dll
0x00007ffb749f0000 - 0x00007ffb749f9000 	C:\Program Files\Java\jre1.8.0_261\bin\npt.dll
0x00007ffb5b350000 - 0x00007ffb5b382000 	C:\Program Files\Java\jre1.8.0_261\bin\instrument.dll
0x00007ffb73d50000 - 0x00007ffb73d68000 	C:\Program Files\Java\jre1.8.0_261\bin\zip.dll
0x00007ffb88110000 - 0x00007ffb88853000 	C:\WINDOWS\System32\SHELL32.dll
0x00007ffb84520000 - 0x00007ffb84cb2000 	C:\WINDOWS\SYSTEM32\windows.storage.dll
0x00007ffb875f0000 - 0x00007ffb87944000 	C:\WINDOWS\System32\combase.dll
0x00007ffb860f0000 - 0x00007ffb86120000 	C:\WINDOWS\SYSTEM32\Wldp.dll
0x00007ffb88e60000 - 0x00007ffb88f0d000 	C:\WINDOWS\System32\SHCORE.dll
0x00007ffb87180000 - 0x00007ffb871d5000 	C:\WINDOWS\System32\shlwapi.dll
0x00007ffb866b0000 - 0x00007ffb866cf000 	C:\WINDOWS\SYSTEM32\profapi.dll
0x00007ffb73f30000 - 0x00007ffb73f3a000 	C:\Program Files\Java\jre1.8.0_261\bin\dt_socket.dll
0x00007ffb6de90000 - 0x00007ffb6dea7000 	C:\WINDOWS\system32\napinsp.dll
0x00007ffb6dad0000 - 0x00007ffb6daeb000 	C:\WINDOWS\system32\pnrpnsp.dll
0x00007ffb72eb0000 - 0x00007ffb72ec5000 	C:\WINDOWS\system32\wshbth.dll
0x00007ffb818f0000 - 0x00007ffb8190d000 	C:\WINDOWS\system32\NLAapi.dll
0x00007ffb85b40000 - 0x00007ffb85b7b000 	C:\WINDOWS\SYSTEM32\IPHLPAPI.DLL
0x00007ffb85e50000 - 0x00007ffb85eba000 	C:\WINDOWS\System32\mswsock.dll
0x00007ffb85b90000 - 0x00007ffb85c5a000 	C:\WINDOWS\SYSTEM32\DNSAPI.dll
0x00007ffb87a00000 - 0x00007ffb87a08000 	C:\WINDOWS\System32\NSI.dll
0x00007ffb72e50000 - 0x00007ffb72e62000 	C:\WINDOWS\System32\winrnr.dll
0x000000006ff20000 - 0x000000006ff46000 	C:\Program Files\Bonjour\mdnsNSP.dll
0x00007ffb74780000 - 0x00007ffb74800000 	C:\WINDOWS\System32\fwpuclnt.dll
0x00007ffb86aa0000 - 0x00007ffb86ac7000 	C:\WINDOWS\System32\bcrypt.dll
0x00007ffb74c40000 - 0x00007ffb74c4a000 	C:\Windows\System32\rasadhlp.dll
0x00007ffb84fa0000 - 0x00007ffb85184000 	C:\WINDOWS\SYSTEM32\dbghelp.dll
0x00007ffb86db0000 - 0x00007ffb86e32000 	C:\WINDOWS\System32\bcryptPrimitives.dll

VM Arguments:
jvm_args: -agentlib:jdwp=transport=dt_socket,suspend=y,address=localhost:62247 -javaagent:C:\Users\RAKESH\.eclipse\org.eclipse.platform_4.16.0_1709980481_win32_win32_x86_64\configuration\org.eclipse.osgi\413\0\.cp\lib\javaagent-shaded.jar -Dfile.encoding=Cp1252 
java_command: Joseph_practice.Abc
java_class_path (initial): E:\Java_Project\joseph_practice\bin;C:\Users\RAKESH\.eclipse\org.eclipse.platform_4.16.0_1709980481_win32_win32_x86_64\configuration\org.eclipse.osgi\413\0\.cp\lib\javaagent-shaded.jar
Launcher Type: SUN_STANDARD

Environment Variables:
PATH=C:/Program Files/Java/jre1.8.0_261/bin/server;C:/Program Files/Java/jre1.8.0_261/bin;C:/Program Files/Java/jre1.8.0_261/lib/amd64;C:\Python39\Scripts\;C:\Python39\;C:\ProgramData\Oracle\Java\javapath;E:\oracle\product\10.2.0\db_10\bin;E:\oracle\product\10.2.0\db_1\bin;C:\Program Files (x86)\Common Files\Oracle\Java\javapath;C:\WINDOWS\system32;C:\WINDOWS;C:\WINDOWS\System32\Wbem;C:\WINDOWS\System32\WindowsPowerShell\v1.0\;C:\WINDOWS\System32\OpenSSH\;C:\Program Files (x86)\Intel\Intel(R) Management Engine Components\DAL;C:\Program Files\Intel\Intel(R) Management Engine Components\DAL;C:\Program Files\Java\jdk1.8.0_91\bin;C:\Program Files\nodejs\;C:\ProgramData\chocolatey\bin;C:\Program Files\dotnet\;C:\Users\RAKESH\AppData\Local\Programs\Python\Python38-32\Scripts\;C:\Users\RAKESH\AppData\Local\Programs\Python\Python38-32\;C:\Users\RAKESH\AppData\Local\Microsoft\WindowsApps;C:\Users\RAKESH\AppData\Roaming\npm;C:\Program Files\PostgreSQL\13\bin;C:\Program Files\PostgreSQL\13\lib;;C:\Users\RAKESH\AppData\Local\Programs\Microsoft VS Code\bin;C:\Program Files\eclipse;
USERNAME=RAKESH
OS=Windows_NT
PROCESSOR_IDENTIFIER=Intel64 Family 6 Model 142 Stepping 10, GenuineIntel



---------------  S Y S T E M  ---------------

OS: Windows 10.0 , 64 bit Build 19041 (10.0.19041.2251)

CPU:total 8 (initial active 8) (4 cores per cpu, 2 threads per core) family 6 model 142 stepping 10, cmov, cx8, fxsr, mmx, sse, sse2, sse3, ssse3, sse4.1, sse4.2, popcnt, avx, avx2, aes, clmul, erms, 3dnowpref, lzcnt, ht, tsc, tscinvbit, bmi1, bmi2, adx

Memory: 4k page, physical 8250436k(1797756k free), swap 14279748k(2824776k free)

vm_info: Java HotSpot(TM) 64-Bit Server VM (25.261-b12) for windows-amd64 JRE (1.8.0_261-b12), built on Jun 18 2020 06:56:32 by "" with unknown MS VC++:1916

time: Tue Dec  6 23:13:30 2022
timezone: India Standard Time
elapsed time: 512 seconds (0d 0h 8m 32s)

